e:\newc++\mymfc\mymfc\release\mymfc.pch
e:\newc++\mymfc\mymfc\release\vc142.pdb
e:\newc++\mymfc\mymfc\release\pch.obj
e:\newc++\mymfc\mymfc\release\mymfcdlg.obj
e:\newc++\mymfc\mymfc\release\mymfc.obj
e:\newc++\mymfc\release\mymfc.exe
e:\newc++\mymfc\release\mymfc.pdb
e:\newc++\mymfc\release\mymfc.ipdb
e:\newc++\mymfc\release\mymfc.iobj
e:\newc++\mymfc\mymfc\release\mymfc.res
e:\newc++\mymfc\mymfc\release\mymfc.tlog\cl.command.1.tlog
e:\newc++\mymfc\mymfc\release\mymfc.tlog\cl.read.1.tlog
e:\newc++\mymfc\mymfc\release\mymfc.tlog\cl.write.1.tlog
e:\newc++\mymfc\mymfc\release\mymfc.tlog\link.command.1.tlog
e:\newc++\mymfc\mymfc\release\mymfc.tlog\link.read.1.tlog
e:\newc++\mymfc\mymfc\release\mymfc.tlog\link.write.1.tlog
e:\newc++\mymfc\mymfc\release\mymfc.tlog\mymfc.write.1u.tlog
e:\newc++\mymfc\mymfc\release\mymfc.tlog\rc.command.1.tlog
e:\newc++\mymfc\mymfc\release\mymfc.tlog\rc.read.1.tlog
e:\newc++\mymfc\mymfc\release\mymfc.tlog\rc.write.1.tlog
